<?xml version="1.0" encoding="UTF-8"?>
<testsuite name="Realizar la compra de productos en linio" tests="1" skipped="0" failures="0" errors="0" timestamp="2022-08-17T22:40:25" hostname="DESKTOP-KQC5KQ2" time="14.397">
  <properties/>
  <testcase name="seleccionar articulo para una compra y luego borrar producto de carrito" classname="Realizar la compra de productos en linio" time="14.397"/>
  <system-out><![CDATA[]]></system-out>
  <system-err><![CDATA[ago 17, 2022 5:40:26 PM org.openqa.selenium.remote.DesiredCapabilities chrome
INFORMACIÓN: Using `new ChromeOptions()` is preferred to `DesiredCapabilities.chrome()`
Starting ChromeDriver 104.0.5112.79 (3cf3e8c8a07d104b9e1260c910efb8f383285dc5-refs/branch-heads/5112@{#1307}) on port 26742
Only local connections are allowed.
Please see https://chromedriver.chromium.org/security-considerations for suggestions on keeping ChromeDriver safe.
ChromeDriver was started successfully.
ago 17, 2022 5:40:28 PM org.openqa.selenium.remote.ProtocolHandshake createSession
INFORMACIÓN: Detected dialect: W3C
]]></system-err>
</testsuite>
