<?xml version="1.0" encoding="UTF-8"?>
<testsuite name="Realizar la compra de productos en linio" tests="1" skipped="1" failures="0" errors="0" timestamp="2022-08-17T20:00:54" hostname="DESKTOP-KQC5KQ2" time="146.729">
  <properties/>
  <testcase name="seleccionar articulo para una compra y luego borrar producto de carrito" classname="Realizar la compra de productos en linio" time="146.729">
    <skipped/>
  </testcase>
  <system-out><![CDATA[]]></system-out>
  <system-err><![CDATA[ago 17, 2022 3:00:55 PM org.openqa.selenium.remote.DesiredCapabilities chrome
INFORMACIÓN: Using `new ChromeOptions()` is preferred to `DesiredCapabilities.chrome()`
Starting ChromeDriver 104.0.5112.79 (3cf3e8c8a07d104b9e1260c910efb8f383285dc5-refs/branch-heads/5112@{#1307}) on port 4780
Only local connections are allowed.
Please see https://chromedriver.chromium.org/security-considerations for suggestions on keeping ChromeDriver safe.
ChromeDriver was started successfully.
ago 17, 2022 3:00:57 PM org.openqa.selenium.remote.ProtocolHandshake createSession
INFORMACIÓN: Detected dialect: W3C
]]></system-err>
</testsuite>
